# JRE version: OpenJDK Runtime Environment Temurin-21.0.9+10 (21.0.9+10) (build 21.0.9+10-LTS)
# Java VM: OpenJDK 64-Bit Server VM Temurin-21.0.9+10 (21.0.9+10-LTS, mixed mode, sharing, tiered, compressed oops, compressed class ptrs, parallel gc, windows-amd64)
GC Precious Log:
 CardTable entry size: 512
 CPUs: 12 total, 12 available
 Memory: 16076M
 Large Page Support: Disabled
 NUMA Support: Disabled
 Compressed Oops: Enabled (32-bit)
 Alignments: Space 512K, Generation 512K, Heap 2M
 Heap Min Capacity: 100M
 Heap Initial Capacity: 100M
 Heap Max Capacity: 2G
 Pre-touch: Disabled
 Parallel Workers: 10
Heap:
 PSYoungGen      total 3584K, used 1708K [0x00000000d5580000, 0x00000000d5a00000, 0x0000000100000000)
  eden space 3072K, 45% used [0x00000000d5580000,0x00000000d56db300,0x00000000d5880000)
  from space 512K, 62% used [0x00000000d5900000,0x00000000d5950000,0x00000000d5980000)
  to   space 512K, 0% used [0x00000000d5980000,0x00000000d5980000,0x00000000d5a00000)
 ParOldGen       total 1092096K, used 310802K [0x0000000080000000, 0x00000000c2a80000, 0x00000000d5580000)
  object space 1092096K, 28% used [0x0000000080000000,0x0000000092f84860,0x00000000c2a80000)
 Metaspace       used 87329K, committed 89152K, reserved 1179648K
  class space    used 9135K, committed 10112K, reserved 1048576K
GC Heap History (20 events):
Event: 2980.396 GC heap before
{Heap before GC invocations=1158 (full 4):
 PSYoungGen      total 4096K, used 3455K [0x00000000d5580000, 0x00000000d5a00000, 0x0000000100000000)
  eden space 3072K, 99% used [0x00000000d5580000,0x00000000d587fff8,0x00000000d5880000)
  from space 1024K, 37% used [0x00000000d5880000,0x00000000d58e0000,0x00000000d5980000)
  to   space 512K, 0% used [0x00000000d5980000,0x00000000d5980000,0x00000000d5a00000)
 ParOldGen       total 1092096K, used 308511K [0x0000000080000000, 0x00000000c2a80000, 0x00000000d5580000)
  object space 1092096K, 28% used [0x0000000080000000,0x0000000092d47d08,0x00000000c2a80000)
 Metaspace       used 87020K, committed 88832K, reserved 1179648K
  class space    used 9113K, committed 10112K, reserved 1048576K
}
Event: 2980.398 GC heap after
{Heap after GC invocations=1158 (full 4):
 PSYoungGen      total 3584K, used 448K [0x00000000d5580000, 0x00000000d5a00000, 0x0000000100000000)
  eden space 3072K, 0% used [0x00000000d5580000,0x00000000d5580000,0x00000000d5880000)
  from space 512K, 87% used [0x00000000d5980000,0x00000000d59f0000,0x00000000d5a00000)
  to   space 512K, 0% used [0x00000000d5900000,0x00000000d5900000,0x00000000d5980000)
 ParOldGen       total 1092096K, used 308663K [0x0000000080000000, 0x00000000c2a80000, 0x00000000d5580000)
  object space 1092096K, 28% used [0x0000000080000000,0x0000000092d6dd08,0x00000000c2a80000)
 Metaspace       used 87020K, committed 88832K, reserved 1179648K
  class space    used 9113K, committed 10112K, reserved 1048576K
}
Event: 2980.414 GC heap before
{Heap before GC invocations=1159 (full 4):
 PSYoungGen      total 3584K, used 3520K [0x00000000d5580000, 0x00000000d5a00000, 0x0000000100000000)
  eden space 3072K, 100% used [0x00000000d5580000,0x00000000d5880000,0x00000000d5880000)
  from space 512K, 87% used [0x00000000d5980000,0x00000000d59f0000,0x00000000d5a00000)
  to   space 512K, 0% used [0x00000000d5900000,0x00000000d5900000,0x00000000d5980000)
 ParOldGen       total 1092096K, used 308663K [0x0000000080000000, 0x00000000c2a80000, 0x00000000d5580000)
  object space 1092096K, 28% used [0x0000000080000000,0x0000000092d6dd08,0x00000000c2a80000)
 Metaspace       used 87021K, committed 88832K, reserved 1179648K
  class space    used 9113K, committed 10112K, reserved 1048576K
}
Event: 2980.415 GC heap after
{Heap after GC invocations=1159 (full 4):
 PSYoungGen      total 3584K, used 224K [0x00000000d5580000, 0x00000000d5a00000, 0x0000000100000000)
  eden space 3072K, 0% used [0x00000000d5580000,0x00000000d5580000,0x00000000d5880000)
  from space 512K, 43% used [0x00000000d5900000,0x00000000d5938000,0x00000000d5980000)
  to   space 512K, 0% used [0x00000000d5980000,0x00000000d5980000,0x00000000d5a00000)
 ParOldGen       total 1092096K, used 308919K [0x0000000080000000, 0x00000000c2a80000, 0x00000000d5580000)
  object space 1092096K, 28% used [0x0000000080000000,0x0000000092dadd08,0x00000000c2a80000)
 Metaspace       used 87021K, committed 88832K, reserved 1179648K
  class space    used 9113K, committed 10112K, reserved 1048576K
}
Event: 2980.424 GC heap before
{Heap before GC invocations=1160 (full 4):
 PSYoungGen      total 3584K, used 3295K [0x00000000d5580000, 0x00000000d5a00000, 0x0000000100000000)
  eden space 3072K, 99% used [0x00000000d5580000,0x00000000d587fff8,0x00000000d5880000)
  from space 512K, 43% used [0x00000000d5900000,0x00000000d5938000,0x00000000d5980000)
  to   space 512K, 0% used [0x00000000d5980000,0x00000000d5980000,0x00000000d5a00000)
 ParOldGen       total 1092096K, used 308919K [0x0000000080000000, 0x00000000c2a80000, 0x00000000d5580000)
  object space 1092096K, 28% used [0x0000000080000000,0x0000000092dadd08,0x00000000c2a80000)
 Metaspace       used 87021K, committed 88832K, reserved 1179648K
  class space    used 9113K, committed 10112K, reserved 1048576K
}
Event: 2980.425 GC heap after
{Heap after GC invocations=1160 (full 4):
 PSYoungGen      total 3584K, used 224K [0x00000000d5580000, 0x00000000d5a00000, 0x0000000100000000)
  eden space 3072K, 0% used [0x00000000d5580000,0x00000000d5580000,0x00000000d5880000)
  from space 512K, 43% used [0x00000000d5980000,0x00000000d59b8000,0x00000000d5a00000)
  to   space 512K, 0% used [0x00000000d5900000,0x00000000d5900000,0x00000000d5980000)
 ParOldGen       total 1092096K, used 309095K [0x0000000080000000, 0x00000000c2a80000, 0x00000000d5580000)
  object space 1092096K, 28% used [0x0000000080000000,0x0000000092dd9d08,0x00000000c2a80000)
 Metaspace       used 87021K, committed 88832K, reserved 1179648K
  class space    used 9113K, committed 10112K, reserved 1048576K
}
Event: 2980.432 GC heap before
{Heap before GC invocations=1161 (full 4):
 PSYoungGen      total 3584K, used 3296K [0x00000000d5580000, 0x00000000d5a00000, 0x0000000100000000)
  eden space 3072K, 100% used [0x00000000d5580000,0x00000000d5880000,0x00000000d5880000)
  from space 512K, 43% used [0x00000000d5980000,0x00000000d59b8000,0x00000000d5a00000)
  to   space 512K, 0% used [0x00000000d5900000,0x00000000d5900000,0x00000000d5980000)
 ParOldGen       total 1092096K, used 309095K [0x0000000080000000, 0x00000000c2a80000, 0x00000000d5580000)
  object space 1092096K, 28% used [0x0000000080000000,0x0000000092dd9d08,0x00000000c2a80000)
 Metaspace       used 87021K, committed 88832K, reserved 1179648K
  class space    used 9113K, committed 10112K, reserved 1048576K
}
Event: 2980.433 GC heap after
{Heap after GC invocations=1161 (full 4):
 PSYoungGen      total 3584K, used 288K [0x00000000d5580000, 0x00000000d5a00000, 0x0000000100000000)
  eden space 3072K, 0% used [0x00000000d5580000,0x00000000d5580000,0x00000000d5880000)
  from space 512K, 56% used [0x00000000d5900000,0x00000000d5948000,0x00000000d5980000)
  to   space 512K, 0% used [0x00000000d5980000,0x00000000d5980000,0x00000000d5a00000)
 ParOldGen       total 1092096K, used 309151K [0x0000000080000000, 0x00000000c2a80000, 0x00000000d5580000)
  object space 1092096K, 28% used [0x0000000080000000,0x0000000092de7d08,0x00000000c2a80000)
 Metaspace       used 87021K, committed 88832K, reserved 1179648K
  class space    used 9113K, committed 10112K, reserved 1048576K
}
Event: 2980.551 GC heap before
{Heap before GC invocations=1162 (full 4):
 PSYoungGen      total 3584K, used 3360K [0x00000000d5580000, 0x00000000d5a00000, 0x0000000100000000)
  eden space 3072K, 100% used [0x00000000d5580000,0x00000000d5880000,0x00000000d5880000)
  from space 512K, 56% used [0x00000000d5900000,0x00000000d5948000,0x00000000d5980000)
  to   space 512K, 0% used [0x00000000d5980000,0x00000000d5980000,0x00000000d5a00000)
 ParOldGen       total 1092096K, used 309151K [0x0000000080000000, 0x00000000c2a80000, 0x00000000d5580000)
  object space 1092096K, 28% used [0x0000000080000000,0x0000000092de7d08,0x00000000c2a80000)
 Metaspace       used 87021K, committed 88832K, reserved 1179648K
  class space    used 9113K, committed 10112K, reserved 1048576K
}
Event: 2980.552 GC heap after
{Heap after GC invocations=1162 (full 4):
 PSYoungGen      total 3584K, used 288K [0x00000000d5580000, 0x00000000d5a00000, 0x0000000100000000)
  eden space 3072K, 0% used [0x00000000d5580000,0x00000000d5580000,0x00000000d5880000)
  from space 512K, 56% used [0x00000000d5980000,0x00000000d59c8000,0x00000000d5a00000)
  to   space 512K, 0% used [0x00000000d5900000,0x00000000d5900000,0x00000000d5980000)
 ParOldGen       total 1092096K, used 309183K [0x0000000080000000, 0x00000000c2a80000, 0x00000000d5580000)
  object space 1092096K, 28% used [0x0000000080000000,0x0000000092defd08,0x00000000c2a80000)
 Metaspace       used 87021K, committed 88832K, reserved 1179648K
  class space    used 9113K, committed 10112K, reserved 1048576K
}
Event: 2980.574 GC heap before
{Heap before GC invocations=1163 (full 4):
 PSYoungGen      total 3584K, used 3360K [0x00000000d5580000, 0x00000000d5a00000, 0x0000000100000000)
  eden space 3072K, 100% used [0x00000000d5580000,0x00000000d5880000,0x00000000d5880000)
  from space 512K, 56% used [0x00000000d5980000,0x00000000d59c8000,0x00000000d5a00000)
  to   space 512K, 0% used [0x00000000d5900000,0x00000000d5900000,0x00000000d5980000)
 ParOldGen       total 1092096K, used 309183K [0x0000000080000000, 0x00000000c2a80000, 0x00000000d5580000)
  object space 1092096K, 28% used [0x0000000080000000,0x0000000092defd08,0x00000000c2a80000)
 Metaspace       used 87031K, committed 88832K, reserved 1179648K
  class space    used 9113K, committed 10112K, reserved 1048576K
}
Event: 2980.575 GC heap after
{Heap after GC invocations=1163 (full 4):
 PSYoungGen      total 3584K, used 512K [0x00000000d5580000, 0x00000000d5a80000, 0x0000000100000000)
  eden space 3072K, 0% used [0x00000000d5580000,0x00000000d5580000,0x00000000d5880000)
  from space 512K, 100% used [0x00000000d5900000,0x00000000d5980000,0x00000000d5980000)
  to   space 1024K, 0% used [0x00000000d5980000,0x00000000d5980000,0x00000000d5a80000)
 ParOldGen       total 1092096K, used 309311K [0x0000000080000000, 0x00000000c2a80000, 0x00000000d5580000)
  object space 1092096K, 28% used [0x0000000080000000,0x0000000092e0fd18,0x00000000c2a80000)
 Metaspace       used 87031K, committed 88832K, reserved 1179648K
  class space    used 9113K, committed 10112K, reserved 1048576K
}
Event: 2980.579 GC heap before
{Heap before GC invocations=1164 (full 4):
 PSYoungGen      total 3584K, used 3584K [0x00000000d5580000, 0x00000000d5a80000, 0x0000000100000000)
  eden space 3072K, 100% used [0x00000000d5580000,0x00000000d5880000,0x00000000d5880000)
  from space 512K, 100% used [0x00000000d5900000,0x00000000d5980000,0x00000000d5980000)
  to   space 1024K, 0% used [0x00000000d5980000,0x00000000d5980000,0x00000000d5a80000)
 ParOldGen       total 1092096K, used 309311K [0x0000000080000000, 0x00000000c2a80000, 0x00000000d5580000)
  object space 1092096K, 28% used [0x0000000080000000,0x0000000092e0fd18,0x00000000c2a80000)
 Metaspace       used 87034K, committed 88832K, reserved 1179648K
  class space    used 9113K, committed 10112K, reserved 1048576K
}
Event: 2980.580 GC heap after
{Heap after GC invocations=1164 (full 4):
 PSYoungGen      total 4096K, used 912K [0x00000000d5580000, 0x00000000d5a80000, 0x0000000100000000)
  eden space 3072K, 0% used [0x00000000d5580000,0x00000000d5580000,0x00000000d5880000)
  from space 1024K, 89% used [0x00000000d5980000,0x00000000d5a64030,0x00000000d5a80000)
  to   space 1024K, 0% used [0x00000000d5880000,0x00000000d5880000,0x00000000d5980000)
 ParOldGen       total 1092096K, used 309727K [0x0000000080000000, 0x00000000c2a80000, 0x00000000d5580000)
  object space 1092096K, 28% used [0x0000000080000000,0x0000000092e77d18,0x00000000c2a80000)
 Metaspace       used 87034K, committed 88832K, reserved 1179648K
  class space    used 9113K, committed 10112K, reserved 1048576K
}
Event: 2980.591 GC heap before
{Heap before GC invocations=1165 (full 4):
 PSYoungGen      total 4096K, used 3984K [0x00000000d5580000, 0x00000000d5a80000, 0x0000000100000000)
  eden space 3072K, 100% used [0x00000000d5580000,0x00000000d5880000,0x00000000d5880000)
  from space 1024K, 89% used [0x00000000d5980000,0x00000000d5a64030,0x00000000d5a80000)
  to   space 1024K, 0% used [0x00000000d5880000,0x00000000d5880000,0x00000000d5980000)
 ParOldGen       total 1092096K, used 309727K [0x0000000080000000, 0x00000000c2a80000, 0x00000000d5580000)
  object space 1092096K, 28% used [0x0000000080000000,0x0000000092e77d18,0x00000000c2a80000)
 Metaspace       used 87060K, committed 88896K, reserved 1179648K
  class space    used 9116K, committed 10112K, reserved 1048576K
}
Event: 2980.592 GC heap after
{Heap after GC invocations=1165 (full 4):
 PSYoungGen      total 4096K, used 512K [0x00000000d5580000, 0x00000000d5a80000, 0x0000000100000000)
  eden space 3072K, 0% used [0x00000000d5580000,0x00000000d5580000,0x00000000d5880000)
  from space 1024K, 50% used [0x00000000d5880000,0x00000000d5900000,0x00000000d5980000)
  to   space 1024K, 0% used [0x00000000d5980000,0x00000000d5980000,0x00000000d5a80000)
 ParOldGen       total 1092096K, used 310247K [0x0000000080000000, 0x00000000c2a80000, 0x00000000d5580000)
  object space 1092096K, 28% used [0x0000000080000000,0x0000000092ef9d18,0x00000000c2a80000)
 Metaspace       used 87060K, committed 88896K, reserved 1179648K
  class space    used 9116K, committed 10112K, reserved 1048576K
}
Event: 2980.617 GC heap before
{Heap before GC invocations=1166 (full 4):
 PSYoungGen      total 4096K, used 3584K [0x00000000d5580000, 0x00000000d5a80000, 0x0000000100000000)
  eden space 3072K, 100% used [0x00000000d5580000,0x00000000d5880000,0x00000000d5880000)
  from space 1024K, 50% used [0x00000000d5880000,0x00000000d5900000,0x00000000d5980000)
  to   space 1024K, 0% used [0x00000000d5980000,0x00000000d5980000,0x00000000d5a80000)
 ParOldGen       total 1092096K, used 310247K [0x0000000080000000, 0x00000000c2a80000, 0x00000000d5580000)
  object space 1092096K, 28% used [0x0000000080000000,0x0000000092ef9d18,0x00000000c2a80000)
 Metaspace       used 87260K, committed 89088K, reserved 1179648K
  class space    used 9130K, committed 10112K, reserved 1048576K
}
Event: 2980.618 GC heap after
{Heap after GC invocations=1166 (full 4):
 PSYoungGen      total 3584K, used 453K [0x00000000d5580000, 0x00000000d5a00000, 0x0000000100000000)
  eden space 3072K, 0% used [0x00000000d5580000,0x00000000d5580000,0x00000000d5880000)
  from space 512K, 88% used [0x00000000d5980000,0x00000000d59f1420,0x00000000d5a00000)
  to   space 512K, 0% used [0x00000000d5900000,0x00000000d5900000,0x00000000d5980000)
 ParOldGen       total 1092096K, used 310583K [0x0000000080000000, 0x00000000c2a80000, 0x00000000d5580000)
  object space 1092096K, 28% used [0x0000000080000000,0x0000000092f4dd18,0x00000000c2a80000)
 Metaspace       used 87260K, committed 89088K, reserved 1179648K
  class space    used 9130K, committed 10112K, reserved 1048576K
}
Event: 2981.712 GC heap before
{Heap before GC invocations=1167 (full 4):
 PSYoungGen      total 3584K, used 3525K [0x00000000d5580000, 0x00000000d5a00000, 0x0000000100000000)
  eden space 3072K, 100% used [0x00000000d5580000,0x00000000d5880000,0x00000000d5880000)
  from space 512K, 88% used [0x00000000d5980000,0x00000000d59f1420,0x00000000d5a00000)
  to   space 512K, 0% used [0x00000000d5900000,0x00000000d5900000,0x00000000d5980000)
 ParOldGen       total 1092096K, used 310583K [0x0000000080000000, 0x00000000c2a80000, 0x00000000d5580000)
  object space 1092096K, 28% used [0x0000000080000000,0x0000000092f4dd18,0x00000000c2a80000)
 Metaspace       used 87311K, committed 89088K, reserved 1179648K
  class space    used 9135K, committed 10112K, reserved 1048576K
}
Event: 2981.713 GC heap after
{Heap after GC invocations=1167 (full 4):
 PSYoungGen      total 3584K, used 320K [0x00000000d5580000, 0x00000000d5a00000, 0x0000000100000000)
  eden space 3072K, 0% used [0x00000000d5580000,0x00000000d5580000,0x00000000d5880000)
  from space 512K, 62% used [0x00000000d5900000,0x00000000d5950000,0x00000000d5980000)
  to   space 512K, 0% used [0x00000000d5980000,0x00000000d5980000,0x00000000d5a00000)
 ParOldGen       total 1092096K, used 310802K [0x0000000080000000, 0x00000000c2a80000, 0x00000000d5580000)
  object space 1092096K, 28% used [0x0000000080000000,0x0000000092f84860,0x00000000c2a80000)
 Metaspace       used 87311K, committed 89088K, reserved 1179648K
  class space    used 9135K, committed 10112K, reserved 1048576K
}

