# JRE version: OpenJDK Runtime Environment Temurin-21.0.9+10 (21.0.9+10) (build 21.0.9+10-LTS)
# Java VM: OpenJDK 64-Bit Server VM Temurin-21.0.9+10 (21.0.9+10-LTS, mixed mode, sharing, tiered, compressed oops, compressed class ptrs, parallel gc, windows-amd64)
GC Precious Log:
 CardTable entry size: 512
 CPUs: 12 total, 12 available
 Memory: 16076M
 Large Page Support: Disabled
 NUMA Support: Disabled
 Compressed Oops: Enabled (32-bit)
 Alignments: Space 512K, Generation 512K, Heap 2M
 Heap Min Capacity: 100M
 Heap Initial Capacity: 100M
 Heap Max Capacity: 2G
 Pre-touch: Disabled
 Parallel Workers: 10
Heap:
 PSYoungGen      total 8192K, used 7930K [0x00000000d5580000, 0x00000000d5f00000, 0x0000000100000000)
  eden space 7168K, 100% used [0x00000000d5580000,0x00000000d5c80000,0x00000000d5c80000)
  from space 1024K, 74% used [0x00000000d5e00000,0x00000000d5ebe900,0x00000000d5f00000)
  to   space 1024K, 0% used [0x00000000d5c80000,0x00000000d5c80000,0x00000000d5d80000)
 ParOldGen       total 535552K, used 535052K [0x0000000080000000, 0x00000000a0b00000, 0x00000000d5580000)
  object space 535552K, 99% used [0x0000000080000000,0x00000000a0a83210,0x00000000a0b00000)
 Metaspace       used 73719K, committed 75328K, reserved 1179648K
  class space    used 7691K, committed 8384K, reserved 1048576K
GC Heap History (20 events):
Event: 114.749 GC heap before
{Heap before GC invocations=332 (full 3):
 PSYoungGen      total 6656K, used 6636K [0x00000000d5580000, 0x00000000d6180000, 0x0000000100000000)
  eden space 3584K, 100% used [0x00000000d5580000,0x00000000d5900000,0x00000000d5900000)
  from space 3072K, 99% used [0x00000000d5c80000,0x00000000d5f7b3b8,0x00000000d5f80000)
  to   space 3584K, 0% used [0x00000000d5900000,0x00000000d5900000,0x00000000d5c80000)
 ParOldGen       total 489472K, used 488993K [0x0000000080000000, 0x000000009de00000, 0x00000000d5580000)
  object space 489472K, 99% used [0x0000000080000000,0x000000009dd88580,0x000000009de00000)
 Metaspace       used 73448K, committed 75072K, reserved 1179648K
  class space    used 7684K, committed 8384K, reserved 1048576K
}
Event: 114.752 GC heap after
{Heap after GC invocations=332 (full 3):
 PSYoungGen      total 7168K, used 3561K [0x00000000d5580000, 0x00000000d6900000, 0x0000000100000000)
  eden space 3584K, 0% used [0x00000000d5580000,0x00000000d5580000,0x00000000d5900000)
  from space 3584K, 99% used [0x00000000d5900000,0x00000000d5c7a440,0x00000000d5c80000)
  to   space 7680K, 0% used [0x00000000d6180000,0x00000000d6180000,0x00000000d6900000)
 ParOldGen       total 492032K, used 492001K [0x0000000080000000, 0x000000009e080000, 0x00000000d5580000)
  object space 492032K, 99% used [0x0000000080000000,0x000000009e078528,0x000000009e080000)
 Metaspace       used 73448K, committed 75072K, reserved 1179648K
  class space    used 7684K, committed 8384K, reserved 1048576K
}
Event: 114.757 GC heap before
{Heap before GC invocations=333 (full 3):
 PSYoungGen      total 7168K, used 7145K [0x00000000d5580000, 0x00000000d6900000, 0x0000000100000000)
  eden space 3584K, 100% used [0x00000000d5580000,0x00000000d5900000,0x00000000d5900000)
  from space 3584K, 99% used [0x00000000d5900000,0x00000000d5c7a440,0x00000000d5c80000)
  to   space 7680K, 0% used [0x00000000d6180000,0x00000000d6180000,0x00000000d6900000)
 ParOldGen       total 492032K, used 492001K [0x0000000080000000, 0x000000009e080000, 0x00000000d5580000)
  object space 492032K, 99% used [0x0000000080000000,0x000000009e078528,0x000000009e080000)
 Metaspace       used 73448K, committed 75072K, reserved 1179648K
  class space    used 7684K, committed 8384K, reserved 1048576K
}
Event: 114.761 GC heap after
{Heap after GC invocations=333 (full 3):
 PSYoungGen      total 7680K, used 3062K [0x00000000d5580000, 0x00000000d6480000, 0x0000000100000000)
  eden space 4608K, 0% used [0x00000000d5580000,0x00000000d5580000,0x00000000d5a00000)
  from space 3072K, 99% used [0x00000000d6180000,0x00000000d647d910,0x00000000d6480000)
  to   space 4608K, 0% used [0x00000000d5b80000,0x00000000d5b80000,0x00000000d6000000)
 ParOldGen       total 495616K, used 495513K [0x0000000080000000, 0x000000009e400000, 0x00000000d5580000)
  object space 495616K, 99% used [0x0000000080000000,0x000000009e3e6528,0x000000009e400000)
 Metaspace       used 73448K, committed 75072K, reserved 1179648K
  class space    used 7684K, committed 8384K, reserved 1048576K
}
Event: 114.770 GC heap before
{Heap before GC invocations=334 (full 3):
 PSYoungGen      total 7680K, used 7378K [0x00000000d5580000, 0x00000000d6480000, 0x0000000100000000)
  eden space 4608K, 93% used [0x00000000d5580000,0x00000000d59b71e8,0x00000000d5a00000)
  from space 3072K, 99% used [0x00000000d6180000,0x00000000d647d910,0x00000000d6480000)
  to   space 4608K, 0% used [0x00000000d5b80000,0x00000000d5b80000,0x00000000d6000000)
 ParOldGen       total 495616K, used 495513K [0x0000000080000000, 0x000000009e400000, 0x00000000d5580000)
  object space 495616K, 99% used [0x0000000080000000,0x000000009e3e6528,0x000000009e400000)
 Metaspace       used 73448K, committed 75072K, reserved 1179648K
  class space    used 7684K, committed 8384K, reserved 1048576K
}
Event: 114.773 GC heap after
{Heap after GC invocations=334 (full 3):
 PSYoungGen      total 8192K, used 2560K [0x00000000d5580000, 0x00000000d6200000, 0x0000000100000000)
  eden space 5632K, 0% used [0x00000000d5580000,0x00000000d5580000,0x00000000d5b00000)
  from space 2560K, 100% used [0x00000000d5b80000,0x00000000d5e00000,0x00000000d5e00000)
  to   space 3072K, 0% used [0x00000000d5f00000,0x00000000d5f00000,0x00000000d6200000)
 ParOldGen       total 498688K, used 498472K [0x0000000080000000, 0x000000009e700000, 0x00000000d5580000)
  object space 498688K, 99% used [0x0000000080000000,0x000000009e6ca3b0,0x000000009e700000)
 Metaspace       used 73448K, committed 75072K, reserved 1179648K
  class space    used 7684K, committed 8384K, reserved 1048576K
}
Event: 115.063 GC heap before
{Heap before GC invocations=335 (full 3):
 PSYoungGen      total 8192K, used 8192K [0x00000000d5580000, 0x00000000d6200000, 0x0000000100000000)
  eden space 5632K, 100% used [0x00000000d5580000,0x00000000d5b00000,0x00000000d5b00000)
  from space 2560K, 100% used [0x00000000d5b80000,0x00000000d5e00000,0x00000000d5e00000)
  to   space 3072K, 0% used [0x00000000d5f00000,0x00000000d5f00000,0x00000000d6200000)
 ParOldGen       total 530432K, used 529192K [0x0000000080000000, 0x00000000a0600000, 0x00000000d5580000)
  object space 530432K, 99% used [0x0000000080000000,0x00000000a04ca3e0,0x00000000a0600000)
 Metaspace       used 73476K, committed 75072K, reserved 1179648K
  class space    used 7684K, committed 8384K, reserved 1048576K
}
Event: 115.066 GC heap after
{Heap after GC invocations=335 (full 3):
 PSYoungGen      total 8704K, used 1060K [0x00000000d5580000, 0x00000000d6080000, 0x0000000100000000)
  eden space 7168K, 0% used [0x00000000d5580000,0x00000000d5580000,0x00000000d5c80000)
  from space 1536K, 69% used [0x00000000d5f00000,0x00000000d6009200,0x00000000d6080000)
  to   space 2048K, 0% used [0x00000000d5c80000,0x00000000d5c80000,0x00000000d5e80000)
 ParOldGen       total 531456K, used 531288K [0x0000000080000000, 0x00000000a0700000, 0x00000000d5580000)
  object space 531456K, 99% used [0x0000000080000000,0x00000000a06d63e0,0x00000000a0700000)
 Metaspace       used 73476K, committed 75072K, reserved 1179648K
  class space    used 7684K, committed 8384K, reserved 1048576K
}
Event: 115.086 GC heap before
{Heap before GC invocations=336 (full 3):
 PSYoungGen      total 8704K, used 8228K [0x00000000d5580000, 0x00000000d6080000, 0x0000000100000000)
  eden space 7168K, 100% used [0x00000000d5580000,0x00000000d5c80000,0x00000000d5c80000)
  from space 1536K, 69% used [0x00000000d5f00000,0x00000000d6009200,0x00000000d6080000)
  to   space 2048K, 0% used [0x00000000d5c80000,0x00000000d5c80000,0x00000000d5e80000)
 ParOldGen       total 531456K, used 531288K [0x0000000080000000, 0x00000000a0700000, 0x00000000d5580000)
  object space 531456K, 99% used [0x0000000080000000,0x00000000a06d63e0,0x00000000a0700000)
 Metaspace       used 73477K, committed 75072K, reserved 1179648K
  class space    used 7684K, committed 8384K, reserved 1048576K
}
Event: 115.089 GC heap after
{Heap after GC invocations=336 (full 3):
 PSYoungGen      total 9216K, used 442K [0x00000000d5580000, 0x00000000d6000000, 0x0000000100000000)
  eden space 7168K, 0% used [0x00000000d5580000,0x00000000d5580000,0x00000000d5c80000)
  from space 2048K, 21% used [0x00000000d5c80000,0x00000000d5cee900,0x00000000d5e80000)
  to   space 1024K, 0% used [0x00000000d5f00000,0x00000000d5f00000,0x00000000d6000000)
 ParOldGen       total 532480K, used 532104K [0x0000000080000000, 0x00000000a0800000, 0x00000000d5580000)
  object space 532480K, 99% used [0x0000000080000000,0x00000000a07a23e0,0x00000000a0800000)
 Metaspace       used 73477K, committed 75072K, reserved 1179648K
  class space    used 7684K, committed 8384K, reserved 1048576K
}
Event: 115.368 GC heap before
{Heap before GC invocations=337 (full 3):
 PSYoungGen      total 9216K, used 7610K [0x00000000d5580000, 0x00000000d6000000, 0x0000000100000000)
  eden space 7168K, 100% used [0x00000000d5580000,0x00000000d5c80000,0x00000000d5c80000)
  from space 2048K, 21% used [0x00000000d5c80000,0x00000000d5cee900,0x00000000d5e80000)
  to   space 1024K, 0% used [0x00000000d5f00000,0x00000000d5f00000,0x00000000d6000000)
 ParOldGen       total 532480K, used 532104K [0x0000000080000000, 0x00000000a0800000, 0x00000000d5580000)
  object space 532480K, 99% used [0x0000000080000000,0x00000000a07a23e0,0x00000000a0800000)
 Metaspace       used 73489K, committed 75072K, reserved 1179648K
  class space    used 7684K, committed 8384K, reserved 1048576K
}
Event: 115.370 GC heap after
{Heap after GC invocations=337 (full 3):
 PSYoungGen      total 8192K, used 756K [0x00000000d5580000, 0x00000000d6000000, 0x0000000100000000)
  eden space 7168K, 0% used [0x00000000d5580000,0x00000000d5580000,0x00000000d5c80000)
  from space 1024K, 73% used [0x00000000d5f00000,0x00000000d5fbd200,0x00000000d6000000)
  to   space 1024K, 0% used [0x00000000d5e00000,0x00000000d5e00000,0x00000000d5f00000)
 ParOldGen       total 532480K, used 532136K [0x0000000080000000, 0x00000000a0800000, 0x00000000d5580000)
  object space 532480K, 99% used [0x0000000080000000,0x00000000a07aa3e0,0x00000000a0800000)
 Metaspace       used 73489K, committed 75072K, reserved 1179648K
  class space    used 7684K, committed 8384K, reserved 1048576K
}
Event: 115.400 GC heap before
{Heap before GC invocations=338 (full 3):
 PSYoungGen      total 8192K, used 7924K [0x00000000d5580000, 0x00000000d6000000, 0x0000000100000000)
  eden space 7168K, 100% used [0x00000000d5580000,0x00000000d5c80000,0x00000000d5c80000)
  from space 1024K, 73% used [0x00000000d5f00000,0x00000000d5fbd200,0x00000000d6000000)
  to   space 1024K, 0% used [0x00000000d5e00000,0x00000000d5e00000,0x00000000d5f00000)
 ParOldGen       total 532480K, used 532136K [0x0000000080000000, 0x00000000a0800000, 0x00000000d5580000)
  object space 532480K, 99% used [0x0000000080000000,0x00000000a07aa3e0,0x00000000a0800000)
 Metaspace       used 73528K, committed 75136K, reserved 1179648K
  class space    used 7685K, committed 8384K, reserved 1048576K
}
Event: 115.402 GC heap after
{Heap after GC invocations=338 (full 3):
 PSYoungGen      total 8192K, used 948K [0x00000000d5580000, 0x00000000d5f80000, 0x0000000100000000)
  eden space 7168K, 0% used [0x00000000d5580000,0x00000000d5580000,0x00000000d5c80000)
  from space 1024K, 92% used [0x00000000d5e00000,0x00000000d5eed200,0x00000000d5f00000)
  to   space 512K, 0% used [0x00000000d5f00000,0x00000000d5f00000,0x00000000d5f80000)
 ParOldGen       total 532992K, used 532689K [0x0000000080000000, 0x00000000a0880000, 0x00000000d5580000)
  object space 532992K, 99% used [0x0000000080000000,0x00000000a08347d0,0x00000000a0880000)
 Metaspace       used 73528K, committed 75136K, reserved 1179648K
  class space    used 7685K, committed 8384K, reserved 1048576K
}
Event: 116.830 GC heap before
{Heap before GC invocations=339 (full 3):
 PSYoungGen      total 8192K, used 8116K [0x00000000d5580000, 0x00000000d5f80000, 0x0000000100000000)
  eden space 7168K, 100% used [0x00000000d5580000,0x00000000d5c80000,0x00000000d5c80000)
  from space 1024K, 92% used [0x00000000d5e00000,0x00000000d5eed200,0x00000000d5f00000)
  to   space 512K, 0% used [0x00000000d5f00000,0x00000000d5f00000,0x00000000d5f80000)
 ParOldGen       total 532992K, used 532689K [0x0000000080000000, 0x00000000a0880000, 0x00000000d5580000)
  object space 532992K, 99% used [0x0000000080000000,0x00000000a08347d0,0x00000000a0880000)
 Metaspace       used 73555K, committed 75136K, reserved 1179648K
  class space    used 7685K, committed 8384K, reserved 1048576K
}
Event: 116.832 GC heap after
{Heap after GC invocations=339 (full 3):
 PSYoungGen      total 7680K, used 490K [0x00000000d5580000, 0x00000000d6080000, 0x0000000100000000)
  eden space 7168K, 0% used [0x00000000d5580000,0x00000000d5580000,0x00000000d5c80000)
  from space 512K, 95% used [0x00000000d5f00000,0x00000000d5f7a910,0x00000000d5f80000)
  to   space 2048K, 0% used [0x00000000d5c80000,0x00000000d5c80000,0x00000000d5e80000)
 ParOldGen       total 534016K, used 533823K [0x0000000080000000, 0x00000000a0980000, 0x00000000d5580000)
  object space 534016K, 99% used [0x0000000080000000,0x00000000a094ffe0,0x00000000a0980000)
 Metaspace       used 73555K, committed 75136K, reserved 1179648K
  class space    used 7685K, committed 8384K, reserved 1048576K
}
Event: 116.926 GC heap before
{Heap before GC invocations=340 (full 3):
 PSYoungGen      total 7680K, used 7658K [0x00000000d5580000, 0x00000000d6080000, 0x0000000100000000)
  eden space 7168K, 100% used [0x00000000d5580000,0x00000000d5c80000,0x00000000d5c80000)
  from space 512K, 95% used [0x00000000d5f00000,0x00000000d5f7a910,0x00000000d5f80000)
  to   space 2048K, 0% used [0x00000000d5c80000,0x00000000d5c80000,0x00000000d5e80000)
 ParOldGen       total 534016K, used 533823K [0x0000000080000000, 0x00000000a0980000, 0x00000000d5580000)
  object space 534016K, 99% used [0x0000000080000000,0x00000000a094ffe0,0x00000000a0980000)
 Metaspace       used 73615K, committed 75200K, reserved 1179648K
  class space    used 7685K, committed 8384K, reserved 1048576K
}
Event: 116.928 GC heap after
{Heap after GC invocations=340 (full 3):
 PSYoungGen      total 8192K, used 832K [0x00000000d5580000, 0x00000000d5f80000, 0x0000000100000000)
  eden space 7168K, 0% used [0x00000000d5580000,0x00000000d5580000,0x00000000d5c80000)
  from space 1024K, 81% used [0x00000000d5c80000,0x00000000d5d50000,0x00000000d5d80000)
  to   space 1536K, 0% used [0x00000000d5e00000,0x00000000d5e00000,0x00000000d5f80000)
 ParOldGen       total 534528K, used 534324K [0x0000000080000000, 0x00000000a0a00000, 0x00000000d5580000)
  object space 534528K, 99% used [0x0000000080000000,0x00000000a09cd1f0,0x00000000a0a00000)
 Metaspace       used 73615K, committed 75200K, reserved 1179648K
  class space    used 7685K, committed 8384K, reserved 1048576K
}
Event: 118.059 GC heap before
{Heap before GC invocations=341 (full 3):
 PSYoungGen      total 8192K, used 7999K [0x00000000d5580000, 0x00000000d5f80000, 0x0000000100000000)
  eden space 7168K, 99% used [0x00000000d5580000,0x00000000d5c7ffb0,0x00000000d5c80000)
  from space 1024K, 81% used [0x00000000d5c80000,0x00000000d5d50000,0x00000000d5d80000)
  to   space 1536K, 0% used [0x00000000d5e00000,0x00000000d5e00000,0x00000000d5f80000)
 ParOldGen       total 534528K, used 534324K [0x0000000080000000, 0x00000000a0a00000, 0x00000000d5580000)
  object space 534528K, 99% used [0x0000000080000000,0x00000000a09cd1f0,0x00000000a0a00000)
 Metaspace       used 73674K, committed 75264K, reserved 1179648K
  class space    used 7691K, committed 8384K, reserved 1048576K
}
Event: 119.069 GC heap after
{Heap after GC invocations=341 (full 3):
 PSYoungGen      total 8192K, used 762K [0x00000000d5580000, 0x00000000d5f00000, 0x0000000100000000)
  eden space 7168K, 0% used [0x00000000d5580000,0x00000000d5580000,0x00000000d5c80000)
  from space 1024K, 74% used [0x00000000d5e00000,0x00000000d5ebe900,0x00000000d5f00000)
  to   space 1024K, 0% used [0x00000000d5c80000,0x00000000d5c80000,0x00000000d5d80000)
 ParOldGen       total 535552K, used 535052K [0x0000000080000000, 0x00000000a0b00000, 0x00000000d5580000)
  object space 535552K, 99% used [0x0000000080000000,0x00000000a0a83210,0x00000000a0b00000)
 Metaspace       used 73674K, committed 75264K, reserved 1179648K
  class space    used 7691K, committed 8384K, reserved 1048576K
}

