# JRE version: OpenJDK Runtime Environment Temurin-21.0.9+10 (21.0.9+10) (build 21.0.9+10-LTS)
# Java VM: OpenJDK 64-Bit Server VM Temurin-21.0.9+10 (21.0.9+10-LTS, mixed mode, sharing, tiered, compressed oops, compressed class ptrs, parallel gc, windows-amd64)
GC Precious Log:
 CardTable entry size: 512
 CPUs: 12 total, 12 available
 Memory: 16076M
 Large Page Support: Disabled
 NUMA Support: Disabled
 Compressed Oops: Enabled (32-bit)
 Alignments: Space 512K, Generation 512K, Heap 2M
 Heap Min Capacity: 100M
 Heap Initial Capacity: 100M
 Heap Max Capacity: 2G
 Pre-touch: Disabled
 Parallel Workers: 10
Heap:
 PSYoungGen      total 2560K, used 2213K [0x00000000d5580000, 0x00000000d5b80000, 0x0000000100000000)
  eden space 1024K, 100% used [0x00000000d5580000,0x00000000d5680000,0x00000000d5680000)
  from space 1536K, 77% used [0x00000000d5a00000,0x00000000d5b29470,0x00000000d5b80000)
  to   space 1536K, 0% used [0x00000000d5680000,0x00000000d5680000,0x00000000d5800000)
 ParOldGen       total 560640K, used 560286K [0x0000000080000000, 0x00000000a2380000, 0x00000000d5580000)
  object space 560640K, 99% used [0x0000000080000000,0x00000000a2327af0,0x00000000a2380000)
 Metaspace       used 75235K, committed 76800K, reserved 1179648K
  class space    used 7744K, committed 8448K, reserved 1048576K
GC Heap History (20 events):
Event: 631.088 GC heap before
{Heap before GC invocations=280 (full 3):
 PSYoungGen      total 2560K, used 2432K [0x00000000d5580000, 0x00000000d5b00000, 0x0000000100000000)
  eden space 1536K, 100% used [0x00000000d5580000,0x00000000d5700000,0x00000000d5700000)
  from space 1024K, 87% used [0x00000000d5a00000,0x00000000d5ae0000,0x00000000d5b00000)
  to   space 1536K, 0% used [0x00000000d5800000,0x00000000d5800000,0x00000000d5980000)
 ParOldGen       total 544256K, used 543805K [0x0000000080000000, 0x00000000a1380000, 0x00000000d5580000)
  object space 544256K, 99% used [0x0000000080000000,0x00000000a130f6b8,0x00000000a1380000)
 Metaspace       used 75228K, committed 76800K, reserved 1179648K
  class space    used 7744K, committed 8448K, reserved 1048576K
}
Event: 631.090 GC heap after
{Heap after GC invocations=280 (full 3):
 PSYoungGen      total 3072K, used 1216K [0x00000000d5580000, 0x00000000d5a80000, 0x0000000100000000)
  eden space 1536K, 0% used [0x00000000d5580000,0x00000000d5580000,0x00000000d5700000)
  from space 1536K, 79% used [0x00000000d5800000,0x00000000d5930000,0x00000000d5980000)
  to   space 1024K, 0% used [0x00000000d5980000,0x00000000d5980000,0x00000000d5a80000)
 ParOldGen       total 544768K, used 544573K [0x0000000080000000, 0x00000000a1400000, 0x00000000d5580000)
  object space 544768K, 99% used [0x0000000080000000,0x00000000a13cf6b8,0x00000000a1400000)
 Metaspace       used 75228K, committed 76800K, reserved 1179648K
  class space    used 7744K, committed 8448K, reserved 1048576K
}
Event: 631.092 GC heap before
{Heap before GC invocations=281 (full 3):
 PSYoungGen      total 3072K, used 2752K [0x00000000d5580000, 0x00000000d5a80000, 0x0000000100000000)
  eden space 1536K, 100% used [0x00000000d5580000,0x00000000d5700000,0x00000000d5700000)
  from space 1536K, 79% used [0x00000000d5800000,0x00000000d5930000,0x00000000d5980000)
  to   space 1024K, 0% used [0x00000000d5980000,0x00000000d5980000,0x00000000d5a80000)
 ParOldGen       total 544768K, used 544573K [0x0000000080000000, 0x00000000a1400000, 0x00000000d5580000)
  object space 544768K, 99% used [0x0000000080000000,0x00000000a13cf6b8,0x00000000a1400000)
 Metaspace       used 75229K, committed 76800K, reserved 1179648K
  class space    used 7744K, committed 8448K, reserved 1048576K
}
Event: 631.094 GC heap after
{Heap after GC invocations=281 (full 3):
 PSYoungGen      total 2560K, used 992K [0x00000000d5580000, 0x00000000d5c80000, 0x0000000100000000)
  eden space 1536K, 0% used [0x00000000d5580000,0x00000000d5580000,0x00000000d5700000)
  from space 1024K, 96% used [0x00000000d5980000,0x00000000d5a78020,0x00000000d5a80000)
  to   space 2560K, 0% used [0x00000000d5700000,0x00000000d5700000,0x00000000d5980000)
 ParOldGen       total 546304K, used 545909K [0x0000000080000000, 0x00000000a1580000, 0x00000000d5580000)
  object space 546304K, 99% used [0x0000000080000000,0x00000000a151d6c8,0x00000000a1580000)
 Metaspace       used 75229K, committed 76800K, reserved 1179648K
  class space    used 7744K, committed 8448K, reserved 1048576K
}
Event: 631.097 GC heap before
{Heap before GC invocations=282 (full 3):
 PSYoungGen      total 2560K, used 2500K [0x00000000d5580000, 0x00000000d5c80000, 0x0000000100000000)
  eden space 1536K, 98% used [0x00000000d5580000,0x00000000d56f9248,0x00000000d5700000)
  from space 1024K, 96% used [0x00000000d5980000,0x00000000d5a78020,0x00000000d5a80000)
  to   space 2560K, 0% used [0x00000000d5700000,0x00000000d5700000,0x00000000d5980000)
 ParOldGen       total 546304K, used 545909K [0x0000000080000000, 0x00000000a1580000, 0x00000000d5580000)
  object space 546304K, 99% used [0x0000000080000000,0x00000000a151d6c8,0x00000000a1580000)
 Metaspace       used 75230K, committed 76800K, reserved 1179648K
  class space    used 7744K, committed 8448K, reserved 1048576K
}
Event: 631.099 GC heap after
{Heap after GC invocations=282 (full 3):
 PSYoungGen      total 4096K, used 1512K [0x00000000d5580000, 0x00000000d5b80000, 0x0000000100000000)
  eden space 1536K, 0% used [0x00000000d5580000,0x00000000d5580000,0x00000000d5700000)
  from space 2560K, 59% used [0x00000000d5700000,0x00000000d587a010,0x00000000d5980000)
  to   space 2048K, 0% used [0x00000000d5980000,0x00000000d5980000,0x00000000d5b80000)
 ParOldGen       total 547328K, used 546869K [0x0000000080000000, 0x00000000a1680000, 0x00000000d5580000)
  object space 547328K, 99% used [0x0000000080000000,0x00000000a160d6f8,0x00000000a1680000)
 Metaspace       used 75230K, committed 76800K, reserved 1179648K
  class space    used 7744K, committed 8448K, reserved 1048576K
}
Event: 631.109 GC heap before
{Heap before GC invocations=283 (full 3):
 PSYoungGen      total 4096K, used 3010K [0x00000000d5580000, 0x00000000d5b80000, 0x0000000100000000)
  eden space 1536K, 97% used [0x00000000d5580000,0x00000000d56f6a38,0x00000000d5700000)
  from space 2560K, 59% used [0x00000000d5700000,0x00000000d587a010,0x00000000d5980000)
  to   space 2048K, 0% used [0x00000000d5980000,0x00000000d5980000,0x00000000d5b80000)
 ParOldGen       total 547328K, used 546869K [0x0000000080000000, 0x00000000a1680000, 0x00000000d5580000)
  object space 547328K, 99% used [0x0000000080000000,0x00000000a160d6f8,0x00000000a1680000)
 Metaspace       used 75230K, committed 76800K, reserved 1179648K
  class space    used 7744K, committed 8448K, reserved 1048576K
}
Event: 631.112 GC heap after
{Heap after GC invocations=283 (full 3):
 PSYoungGen      total 3584K, used 1280K [0x00000000d5580000, 0x00000000d5b00000, 0x0000000100000000)
  eden space 2048K, 0% used [0x00000000d5580000,0x00000000d5580000,0x00000000d5780000)
  from space 1536K, 83% used [0x00000000d5980000,0x00000000d5ac0000,0x00000000d5b00000)
  to   space 1536K, 0% used [0x00000000d5800000,0x00000000d5800000,0x00000000d5980000)
 ParOldGen       total 548352K, used 548205K [0x0000000080000000, 0x00000000a1780000, 0x00000000d5580000)
  object space 548352K, 99% used [0x0000000080000000,0x00000000a175b728,0x00000000a1780000)
 Metaspace       used 75230K, committed 76800K, reserved 1179648K
  class space    used 7744K, committed 8448K, reserved 1048576K
}
Event: 631.139 GC heap before
{Heap before GC invocations=284 (full 3):
 PSYoungGen      total 3584K, used 3175K [0x00000000d5580000, 0x00000000d5b00000, 0x0000000100000000)
  eden space 2048K, 92% used [0x00000000d5580000,0x00000000d5759df8,0x00000000d5780000)
  from space 1536K, 83% used [0x00000000d5980000,0x00000000d5ac0000,0x00000000d5b00000)
  to   space 1536K, 0% used [0x00000000d5800000,0x00000000d5800000,0x00000000d5980000)
 ParOldGen       total 548352K, used 548205K [0x0000000080000000, 0x00000000a1780000, 0x00000000d5580000)
  object space 548352K, 99% used [0x0000000080000000,0x00000000a175b728,0x00000000a1780000)
 Metaspace       used 75230K, committed 76800K, reserved 1179648K
  class space    used 7744K, committed 8448K, reserved 1048576K
}
Event: 631.142 GC heap after
{Heap after GC invocations=284 (full 3):
 PSYoungGen      total 4096K, used 1509K [0x00000000d5580000, 0x00000000d6000000, 0x0000000100000000)
  eden space 2560K, 0% used [0x00000000d5580000,0x00000000d5580000,0x00000000d5800000)
  from space 1536K, 98% used [0x00000000d5800000,0x00000000d5979450,0x00000000d5980000)
  to   space 4096K, 0% used [0x00000000d5c00000,0x00000000d5c00000,0x00000000d6000000)
 ParOldGen       total 550400K, used 550173K [0x0000000080000000, 0x00000000a1980000, 0x00000000d5580000)
  object space 550400K, 99% used [0x0000000080000000,0x00000000a1947728,0x00000000a1980000)
 Metaspace       used 75230K, committed 76800K, reserved 1179648K
  class space    used 7744K, committed 8448K, reserved 1048576K
}
Event: 631.175 GC heap before
{Heap before GC invocations=285 (full 3):
 PSYoungGen      total 4096K, used 4069K [0x00000000d5580000, 0x00000000d6000000, 0x0000000100000000)
  eden space 2560K, 100% used [0x00000000d5580000,0x00000000d5800000,0x00000000d5800000)
  from space 1536K, 98% used [0x00000000d5800000,0x00000000d5979450,0x00000000d5980000)
  to   space 4096K, 0% used [0x00000000d5c00000,0x00000000d5c00000,0x00000000d6000000)
 ParOldGen       total 550400K, used 550173K [0x0000000080000000, 0x00000000a1980000, 0x00000000d5580000)
  object space 550400K, 99% used [0x0000000080000000,0x00000000a1947728,0x00000000a1980000)
 Metaspace       used 75230K, committed 76800K, reserved 1179648K
  class space    used 7744K, committed 8448K, reserved 1048576K
}
Event: 631.177 GC heap after
{Heap after GC invocations=285 (full 3):
 PSYoungGen      total 5632K, used 2697K [0x00000000d5580000, 0x00000000d5f00000, 0x0000000100000000)
  eden space 2560K, 0% used [0x00000000d5580000,0x00000000d5580000,0x00000000d5800000)
  from space 3072K, 87% used [0x00000000d5c00000,0x00000000d5ea2618,0x00000000d5f00000)
  to   space 3072K, 0% used [0x00000000d5900000,0x00000000d5900000,0x00000000d5c00000)
 ParOldGen       total 551424K, used 551278K [0x0000000080000000, 0x00000000a1a80000, 0x00000000d5580000)
  object space 551424K, 99% used [0x0000000080000000,0x00000000a1a5b8a8,0x00000000a1a80000)
 Metaspace       used 75230K, committed 76800K, reserved 1179648K
  class space    used 7744K, committed 8448K, reserved 1048576K
}
Event: 631.206 GC heap before
{Heap before GC invocations=286 (full 3):
 PSYoungGen      total 5632K, used 5257K [0x00000000d5580000, 0x00000000d5f00000, 0x0000000100000000)
  eden space 2560K, 100% used [0x00000000d5580000,0x00000000d5800000,0x00000000d5800000)
  from space 3072K, 87% used [0x00000000d5c00000,0x00000000d5ea2618,0x00000000d5f00000)
  to   space 3072K, 0% used [0x00000000d5900000,0x00000000d5900000,0x00000000d5c00000)
 ParOldGen       total 551424K, used 551278K [0x0000000080000000, 0x00000000a1a80000, 0x00000000d5580000)
  object space 551424K, 99% used [0x0000000080000000,0x00000000a1a5b8a8,0x00000000a1a80000)
 Metaspace       used 75230K, committed 76800K, reserved 1179648K
  class space    used 7744K, committed 8448K, reserved 1048576K
}
Event: 631.209 GC heap after
{Heap after GC invocations=286 (full 3):
 PSYoungGen      total 5632K, used 2663K [0x00000000d5580000, 0x00000000d5e00000, 0x0000000100000000)
  eden space 2560K, 0% used [0x00000000d5580000,0x00000000d5580000,0x00000000d5800000)
  from space 3072K, 86% used [0x00000000d5900000,0x00000000d5b99f98,0x00000000d5c00000)
  to   space 2048K, 0% used [0x00000000d5c00000,0x00000000d5c00000,0x00000000d5e00000)
 ParOldGen       total 553984K, used 553851K [0x0000000080000000, 0x00000000a1d00000, 0x00000000d5580000)
  object space 553984K, 99% used [0x0000000080000000,0x00000000a1cdeea8,0x00000000a1d00000)
 Metaspace       used 75230K, committed 76800K, reserved 1179648K
  class space    used 7744K, committed 8448K, reserved 1048576K
}
Event: 631.229 GC heap before
{Heap before GC invocations=287 (full 3):
 PSYoungGen      total 5632K, used 5223K [0x00000000d5580000, 0x00000000d5e00000, 0x0000000100000000)
  eden space 2560K, 100% used [0x00000000d5580000,0x00000000d5800000,0x00000000d5800000)
  from space 3072K, 86% used [0x00000000d5900000,0x00000000d5b99f98,0x00000000d5c00000)
  to   space 2048K, 0% used [0x00000000d5c00000,0x00000000d5c00000,0x00000000d5e00000)
 ParOldGen       total 553984K, used 553851K [0x0000000080000000, 0x00000000a1d00000, 0x00000000d5580000)
  object space 553984K, 99% used [0x0000000080000000,0x00000000a1cdeea8,0x00000000a1d00000)
 Metaspace       used 75230K, committed 76800K, reserved 1179648K
  class space    used 7744K, committed 8448K, reserved 1048576K
}
Event: 631.234 GC heap after
{Heap after GC invocations=287 (full 3):
 PSYoungGen      total 3072K, used 2018K [0x00000000d5580000, 0x00000000d6300000, 0x0000000100000000)
  eden space 1024K, 0% used [0x00000000d5580000,0x00000000d5580000,0x00000000d5680000)
  from space 2048K, 98% used [0x00000000d5c00000,0x00000000d5df88c0,0x00000000d5e00000)
  to   space 5632K, 0% used [0x00000000d5680000,0x00000000d5680000,0x00000000d5c00000)
 ParOldGen       total 557056K, used 556624K [0x0000000080000000, 0x00000000a2000000, 0x00000000d5580000)
  object space 557056K, 99% used [0x0000000080000000,0x00000000a1f94048,0x00000000a2000000)
 Metaspace       used 75230K, committed 76800K, reserved 1179648K
  class space    used 7744K, committed 8448K, reserved 1048576K
}
Event: 631.240 GC heap before
{Heap before GC invocations=288 (full 3):
 PSYoungGen      total 3072K, used 3042K [0x00000000d5580000, 0x00000000d6300000, 0x0000000100000000)
  eden space 1024K, 100% used [0x00000000d5580000,0x00000000d5680000,0x00000000d5680000)
  from space 2048K, 98% used [0x00000000d5c00000,0x00000000d5df88c0,0x00000000d5e00000)
  to   space 5632K, 0% used [0x00000000d5680000,0x00000000d5680000,0x00000000d5c00000)
 ParOldGen       total 557056K, used 556624K [0x0000000080000000, 0x00000000a2000000, 0x00000000d5580000)
  object space 557056K, 99% used [0x0000000080000000,0x00000000a1f94048,0x00000000a2000000)
 Metaspace       used 75230K, committed 76800K, reserved 1179648K
  class space    used 7744K, committed 8448K, reserved 1048576K
}
Event: 631.243 GC heap after
{Heap after GC invocations=288 (full 3):
 PSYoungGen      total 2560K, used 1098K [0x00000000d5580000, 0x00000000d5c80000, 0x0000000100000000)
  eden space 1024K, 0% used [0x00000000d5580000,0x00000000d5580000,0x00000000d5680000)
  from space 1536K, 71% used [0x00000000d5680000,0x00000000d5792930,0x00000000d5800000)
  to   space 2560K, 0% used [0x00000000d5a00000,0x00000000d5a00000,0x00000000d5c80000)
 ParOldGen       total 558592K, used 558340K [0x0000000080000000, 0x00000000a2180000, 0x00000000d5580000)
  object space 558592K, 99% used [0x0000000080000000,0x00000000a2141240,0x00000000a2180000)
 Metaspace       used 75230K, committed 76800K, reserved 1179648K
  class space    used 7744K, committed 8448K, reserved 1048576K
}
Event: 631.327 GC heap before
{Heap before GC invocations=289 (full 3):
 PSYoungGen      total 2560K, used 2122K [0x00000000d5580000, 0x00000000d5c80000, 0x0000000100000000)
  eden space 1024K, 100% used [0x00000000d5580000,0x00000000d5680000,0x00000000d5680000)
  from space 1536K, 71% used [0x00000000d5680000,0x00000000d5792930,0x00000000d5800000)
  to   space 2560K, 0% used [0x00000000d5a00000,0x00000000d5a00000,0x00000000d5c80000)
 ParOldGen       total 559616K, used 559239K [0x0000000080000000, 0x00000000a2280000, 0x00000000d5580000)
  object space 559616K, 99% used [0x0000000080000000,0x00000000a2221fa0,0x00000000a2280000)
 Metaspace       used 75230K, committed 76800K, reserved 1179648K
  class space    used 7744K, committed 8448K, reserved 1048576K
}
Event: 631.329 GC heap after
{Heap after GC invocations=289 (full 3):
 PSYoungGen      total 2560K, used 1189K [0x00000000d5580000, 0x00000000d5b80000, 0x0000000100000000)
  eden space 1024K, 0% used [0x00000000d5580000,0x00000000d5580000,0x00000000d5680000)
  from space 1536K, 77% used [0x00000000d5a00000,0x00000000d5b29470,0x00000000d5b80000)
  to   space 1536K, 0% used [0x00000000d5680000,0x00000000d5680000,0x00000000d5800000)
 ParOldGen       total 560640K, used 560286K [0x0000000080000000, 0x00000000a2380000, 0x00000000d5580000)
  object space 560640K, 99% used [0x0000000080000000,0x00000000a2327af0,0x00000000a2380000)
 Metaspace       used 75230K, committed 76800K, reserved 1179648K
  class space    used 7744K, committed 8448K, reserved 1048576K
}

